8 4199705
8 4199705
8 4199705
8 4199705
8 4199705
8 4199705
8 4199705
8 4199705
8 4199705
8 4199705
8 4199705
8 4199705
8 4199705
8 4199705
8 4199705
8 4199705
8 4199705
8 4199705
8 4199705
8 4199705
8 4199705
8 4199705
8 4199705
8 4199705
8 4199705
8 4199705
8 4199705
8 4199705
8 4199705
8 4199705
8 4199705
8 4199705
8 4199705
8 4199705
8 4199705
8 4199705
8 4199705
8 4199705
8 4199705
8 4199705
8 4199705
8 4199705
8 4199705
8 4199705
8 4199705
8 4199705
8 4199705
8 4199705
8 4199705
8 4199705
8 4199705
8 4199705
8 4199705
8 4199705
8 4199705
8 4199705
8 4199705
8 4199705
8 4199705
8 4199705
8 4199705
8 4199705
8 4199705
8 4199705
8 4199705
8 4199705
8 4199705
8 4199705
